<?xml version='1.0' encoding='UTF-8' ?>
<testsuite name="com.example.help_m5.AddFacilityFragmentTest" tests="1" failures="1" errors="0" skipped="0" time="2.246" timestamp="2022-07-14T20:23:39" hostname="localhost">
  <properties>
    <property name="device" value="Pixel_3_API_29(AVD) - 10" />
    <property name="flavor" value="" />
    <property name="project" value=":app" />
  </properties>
  <testcase name="testBadDescription" classname="com.example.help_m5.AddFacilityFragmentTest" time="2.001">
    <failure></failure>
  </testcase>
</testsuite>